Build started 11/16/2016 2:50:33 AM.
     1>Project "c:\Users\pouya\documents\visual studio 2015\Projects\Phone book\Phone book\Phone book.vcxproj" on node 2 (Build target(s)).
     1>ClCompile:
         C:\Program Files (x86)\Microsoft Visual Studio 14.0\VC\bin\CL.exe /c /ZI /nologo /W3 /WX- /Od /Oy- /D WIN32 /D _DEBUG /D _CONSOLE /D _UNICODE /D UNICODE /Gm /EHsc /RTC1 /MDd /GS /fp:precise /Zc:wchar_t /Zc:forScope /Zc:inline /Fo"Debug\\" /Fd"Debug\vc140.pdb" /Gd /TP /analyze- /errorReport:prompt Source.cpp
         Source.cpp
     1>c:\users\pouya\documents\visual studio 2015\projects\phone book\phone book\source.cpp(93): warning C4996: 'getch': The POSIX name for this item is deprecated. Instead, use the ISO C and C++ conformant name: _getch. See online help for details.
         c:\program files (x86)\windows kits\10\include\10.0.10150.0\ucrt\conio.h(452): note: see declaration of 'getch'
     1>c:\users\pouya\documents\visual studio 2015\projects\phone book\phone book\source.cpp(150): warning C4996: 'getch': The POSIX name for this item is deprecated. Instead, use the ISO C and C++ conformant name: _getch. See online help for details.
         c:\program files (x86)\windows kits\10\include\10.0.10150.0\ucrt\conio.h(452): note: see declaration of 'getch'
     1>c:\users\pouya\documents\visual studio 2015\projects\phone book\phone book\source.cpp(159): warning C4996: 'strcpy': This function or variable may be unsafe. Consider using strcpy_s instead. To disable deprecation, use _CRT_SECURE_NO_WARNINGS. See online help for details.
         c:\program files (x86)\windows kits\10\include\10.0.10150.0\ucrt\string.h(119): note: see declaration of 'strcpy'
     1>c:\users\pouya\documents\visual studio 2015\projects\phone book\phone book\source.cpp(160): warning C4996: 'strcat': This function or variable may be unsafe. Consider using strcat_s instead. To disable deprecation, use _CRT_SECURE_NO_WARNINGS. See online help for details.
         c:\program files (x86)\windows kits\10\include\10.0.10150.0\ucrt\string.h(90): note: see declaration of 'strcat'
     1>c:\users\pouya\documents\visual studio 2015\projects\phone book\phone book\source.cpp(161): warning C4996: 'strcat': This function or variable may be unsafe. Consider using strcat_s instead. To disable deprecation, use _CRT_SECURE_NO_WARNINGS. See online help for details.
         c:\program files (x86)\windows kits\10\include\10.0.10150.0\ucrt\string.h(90): note: see declaration of 'strcat'
     1>c:\users\pouya\documents\visual studio 2015\projects\phone book\phone book\source.cpp(162): warning C4996: 'strcat': This function or variable may be unsafe. Consider using strcat_s instead. To disable deprecation, use _CRT_SECURE_NO_WARNINGS. See online help for details.
         c:\program files (x86)\windows kits\10\include\10.0.10150.0\ucrt\string.h(90): note: see declaration of 'strcat'
     1>c:\users\pouya\documents\visual studio 2015\projects\phone book\phone book\source.cpp(171): warning C4996: 'getch': The POSIX name for this item is deprecated. Instead, use the ISO C and C++ conformant name: _getch. See online help for details.
         c:\program files (x86)\windows kits\10\include\10.0.10150.0\ucrt\conio.h(452): note: see declaration of 'getch'
     1>c:\users\pouya\documents\visual studio 2015\projects\phone book\phone book\source.cpp(295): warning C4996: 'getch': The POSIX name for this item is deprecated. Instead, use the ISO C and C++ conformant name: _getch. See online help for details.
         c:\program files (x86)\windows kits\10\include\10.0.10150.0\ucrt\conio.h(452): note: see declaration of 'getch'
     1>c:\users\pouya\documents\visual studio 2015\projects\phone book\phone book\source.cpp(307): warning C4996: 'getch': The POSIX name for this item is deprecated. Instead, use the ISO C and C++ conformant name: _getch. See online help for details.
         c:\program files (x86)\windows kits\10\include\10.0.10150.0\ucrt\conio.h(452): note: see declaration of 'getch'
     1>c:\users\pouya\documents\visual studio 2015\projects\phone book\phone book\source.cpp(334): warning C4996: 'getch': The POSIX name for this item is deprecated. Instead, use the ISO C and C++ conformant name: _getch. See online help for details.
         c:\program files (x86)\windows kits\10\include\10.0.10150.0\ucrt\conio.h(452): note: see declaration of 'getch'
     1>c:\users\pouya\documents\visual studio 2015\projects\phone book\phone book\source.cpp(382): warning C4996: 'getch': The POSIX name for this item is deprecated. Instead, use the ISO C and C++ conformant name: _getch. See online help for details.
         c:\program files (x86)\windows kits\10\include\10.0.10150.0\ucrt\conio.h(452): note: see declaration of 'getch'
     1>c:\users\pouya\documents\visual studio 2015\projects\phone book\phone book\source.cpp(448): warning C4996: 'strcpy': This function or variable may be unsafe. Consider using strcpy_s instead. To disable deprecation, use _CRT_SECURE_NO_WARNINGS. See online help for details.
         c:\program files (x86)\windows kits\10\include\10.0.10150.0\ucrt\string.h(119): note: see declaration of 'strcpy'
     1>c:\users\pouya\documents\visual studio 2015\projects\phone book\phone book\source.cpp(449): warning C4996: 'strcat': This function or variable may be unsafe. Consider using strcat_s instead. To disable deprecation, use _CRT_SECURE_NO_WARNINGS. See online help for details.
         c:\program files (x86)\windows kits\10\include\10.0.10150.0\ucrt\string.h(90): note: see declaration of 'strcat'
     1>c:\users\pouya\documents\visual studio 2015\projects\phone book\phone book\source.cpp(450): warning C4996: 'strcat': This function or variable may be unsafe. Consider using strcat_s instead. To disable deprecation, use _CRT_SECURE_NO_WARNINGS. See online help for details.
         c:\program files (x86)\windows kits\10\include\10.0.10150.0\ucrt\string.h(90): note: see declaration of 'strcat'
     1>c:\users\pouya\documents\visual studio 2015\projects\phone book\phone book\source.cpp(451): warning C4996: 'strcat': This function or variable may be unsafe. Consider using strcat_s instead. To disable deprecation, use _CRT_SECURE_NO_WARNINGS. See online help for details.
         c:\program files (x86)\windows kits\10\include\10.0.10150.0\ucrt\string.h(90): note: see declaration of 'strcat'
     1>c:\users\pouya\documents\visual studio 2015\projects\phone book\phone book\source.cpp(459): warning C4996: 'getch': The POSIX name for this item is deprecated. Instead, use the ISO C and C++ conformant name: _getch. See online help for details.
         c:\program files (x86)\windows kits\10\include\10.0.10150.0\ucrt\conio.h(452): note: see declaration of 'getch'
     1>c:\users\pouya\documents\visual studio 2015\projects\phone book\phone book\source.cpp(490): warning C4996: 'strcpy': This function or variable may be unsafe. Consider using strcpy_s instead. To disable deprecation, use _CRT_SECURE_NO_WARNINGS. See online help for details.
         c:\program files (x86)\windows kits\10\include\10.0.10150.0\ucrt\string.h(119): note: see declaration of 'strcpy'
     1>c:\users\pouya\documents\visual studio 2015\projects\phone book\phone book\source.cpp(491): warning C4996: 'strcpy': This function or variable may be unsafe. Consider using strcpy_s instead. To disable deprecation, use _CRT_SECURE_NO_WARNINGS. See online help for details.
         c:\program files (x86)\windows kits\10\include\10.0.10150.0\ucrt\string.h(119): note: see declaration of 'strcpy'
       Link:
         C:\Program Files (x86)\Microsoft Visual Studio 14.0\VC\bin\link.exe /ERRORREPORT:PROMPT /OUT:"c:\users\pouya\documents\visual studio 2015\Projects\Phone book\Debug\Phone book.exe" /INCREMENTAL /NOLOGO kernel32.lib user32.lib gdi32.lib winspool.lib comdlg32.lib advapi32.lib shell32.lib ole32.lib oleaut32.lib uuid.lib odbc32.lib odbccp32.lib /MANIFEST /MANIFESTUAC:"level='asInvoker' uiAccess='false'" /manifest:embed /Debug /PDB:"c:\users\pouya\documents\visual studio 2015\Projects\Phone book\Debug\Phone book.pdb" /SUBSYSTEM:CONSOLE /TLBID:1 /DYNAMICBASE /NXCOMPAT /IMPLIB:"c:\users\pouya\documents\visual studio 2015\Projects\Phone book\Debug\Phone book.lib" /MACHINE:X86 Debug\Source.obj
         Phone book.vcxproj -> c:\users\pouya\documents\visual studio 2015\Projects\Phone book\Debug\Phone book.exe
     1>Done Building Project "c:\Users\pouya\documents\visual studio 2015\Projects\Phone book\Phone book\Phone book.vcxproj" (Build target(s)).

Build succeeded.

Time Elapsed 00:00:04.21
